[0m[[0m[0mdebug[0m] [0m[0m> Exec(run, Some(12a489ae-2d78-43f4-bb9f-4eafd6de9c9f), Some(CommandSource(console0)))[0m
[0m[[0m[0mdebug[0m] [0m[0mEvaluating tasks: Compile / run[0m
[0m[[0m[0mdebug[0m] [0m[0mRunning task... Cancel: bloop.integrations.sbt.Offloader$$anon$1@66dd04e2, check cycles: false, forcegc: true[0m
[0m[[0m[0minfo[0m] [0m[0mcompiling 2 Scala sources to C:\Users\Jimmy Rosser\VSCodeProjects\Solitaire\solitaire\target\scala-3.0.2\classes ...[0m
[0m[[0m[31merror[0m] [0m[0m[31m-- [E007] Type Mismatch Error: C:\Users\Jimmy Rosser\VSCodeProjects\Solitaire\solitaire\src\main\scala\GameState.scala:87:8 [0m[0m
[0m[[0m[31merror[0m] [0m[0m[31m87 |[0m        uncoveredStack7[0m
[0m[[0m[31merror[0m] [0m[0m   |        [31m^^^^^^^^^^^^^^^[0m[0m
[0m[[0m[31merror[0m] [0m[0m   |        Found:    collection.mutable.Stack[Card][0m
[0m[[0m[31merror[0m] [0m[0m   |        Required: [1m[32mList[0m[1m[32m[[0mcollection.mutable.Stack[Card[1m[32m][0m][0m
[0m[[0m[31merror[0m] [0m[0m[31m-- [E120] Naming Error: C:\Users\Jimmy Rosser\VSCodeProjects\Solitaire\solitaire\src\main\scala\GameState.scala:43:8 [0m[0m
[0m[[0m[31merror[0m] [0m[0m[31m43 |[0m    [33mdef[0m [36mcoveredStack2[0m: [35mStack[Card][0m = {[0m
[0m[[0m[31merror[0m] [0m[0m   |        [31m^[0m[0m
[0m[[0m[31merror[0m] [0m[0m   |Double definition:[0m
[0m[[0m[31merror[0m] [0m[0m   |var coveredStack2: scala.collection.mutable.Stack[Card] in [33mclass[0m [35mGameState[0m at line 5 and[0m
[0m[[0m[31merror[0m] [0m[0m   |def coveredStack2: collection.mutable.Stack[Card] in [33mclass[0m [35mGameState[0m at line 43[0m
[0m[[0m[31merror[0m] [0m[0m[31m-- [E120] Naming Error: C:\Users\Jimmy Rosser\VSCodeProjects\Solitaire\solitaire\src\main\scala\GameState.scala:46:8 [0m[0m
[0m[[0m[31merror[0m] [0m[0m[31m46 |[0m    [33mdef[0m [36mcoveredStack2[0m: [35mStack[Card][0m = {[0m
[0m[[0m[31merror[0m] [0m[0m   |        [31m^[0m[0m
[0m[[0m[31merror[0m] [0m[0m   |Double definition:[0m
[0m[[0m[31merror[0m] [0m[0m   |def coveredStack2: collection.mutable.Stack[Card] in [33mclass[0m [35mGameState[0m at line 43 and[0m
[0m[[0m[31merror[0m] [0m[0m   |def coveredStack2: collection.mutable.Stack[Card] in [33mclass[0m [35mGameState[0m at line 46[0m
[0m[[0m[31merror[0m] [0m[0m   |have the same type after erasure.[0m
[0m[[0m[31merror[0m] [0m[0m   |[0m
[0m[[0m[31merror[0m] [0m[0m   |Consider adding a @targetName annotation to one of the conflicting definitions[0m
[0m[[0m[31merror[0m] [0m[0m   |for disambiguation.[0m
[0m[[0m[31merror[0m] [0m[0m[31m-- [E120] Naming Error: C:\Users\Jimmy Rosser\VSCodeProjects\Solitaire\solitaire\src\main\scala\GameState.scala:49:8 [0m[0m
[0m[[0m[31merror[0m] [0m[0m[31m49 |[0m    [33mdef[0m [36mcoveredStack2[0m: [35mStack[Card][0m = {[0m
[0m[[0m[31merror[0m] [0m[0m   |        [31m^[0m[0m
[0m[[0m[31merror[0m] [0m[0m   |Double definition:[0m
[0m[[0m[31merror[0m] [0m[0m   |def coveredStack2: collection.mutable.Stack[Card] in [33mclass[0m [35mGameState[0m at line 46 and[0m
[0m[[0m[31merror[0m] [0m[0m   |def coveredStack2: collection.mutable.Stack[Card] in [33mclass[0m [35mGameState[0m at line 49[0m
[0m[[0m[31merror[0m] [0m[0m   |have the same type after erasure.[0m
[0m[[0m[31merror[0m] [0m[0m   |[0m
[0m[[0m[31merror[0m] [0m[0m   |Consider adding a @targetName annotation to one of the conflicting definitions[0m
[0m[[0m[31merror[0m] [0m[0m   |for disambiguation.[0m
[0m[[0m[31merror[0m] [0m[0m[31m-- [E120] Naming Error: C:\Users\Jimmy Rosser\VSCodeProjects\Solitaire\solitaire\src\main\scala\GameState.scala:52:8 [0m[0m
[0m[[0m[31merror[0m] [0m[0m[31m52 |[0m    [33mdef[0m [36mcoveredStack2[0m: [35mStack[Card][0m = {[0m
[0m[[0m[31merror[0m] [0m[0m   |        [31m^[0m[0m
[0m[[0m[31merror[0m] [0m[0m   |Double definition:[0m
[0m[[0m[31merror[0m] [0m[0m   |def coveredStack2: collection.mutable.Stack[Card] in [33mclass[0m [35mGameState[0m at line 49 and[0m
[0m[[0m[31merror[0m] [0m[0m   |def coveredStack2: collection.mutable.Stack[Card] in [33mclass[0m [35mGameState[0m at line 52[0m
[0m[[0m[31merror[0m] [0m[0m   |have the same type after erasure.[0m
[0m[[0m[31merror[0m] [0m[0m   |[0m
[0m[[0m[31merror[0m] [0m[0m   |Consider adding a @targetName annotation to one of the conflicting definitions[0m
[0m[[0m[31merror[0m] [0m[0m   |for disambiguation.[0m
[0m[[0m[31merror[0m] [0m[0m[31m-- [E120] Naming Error: C:\Users\Jimmy Rosser\VSCodeProjects\Solitaire\solitaire\src\main\scala\GameState.scala:55:8 [0m[0m
[0m[[0m[31merror[0m] [0m[0m[31m55 |[0m    [33mdef[0m [36mcoveredStack2[0m: [35mStack[Card][0m = {[0m
[0m[[0m[31merror[0m] [0m[0m   |        [31m^[0m[0m
[0m[[0m[31merror[0m] [0m[0m   |Double definition:[0m
[0m[[0m[31merror[0m] [0m[0m   |def coveredStack2: collection.mutable.Stack[Card] in [33mclass[0m [35mGameState[0m at line 52 and[0m
[0m[[0m[31merror[0m] [0m[0m   |def coveredStack2: collection.mutable.Stack[Card] in [33mclass[0m [35mGameState[0m at line 55[0m
[0m[[0m[31merror[0m] [0m[0m   |have the same type after erasure.[0m
[0m[[0m[31merror[0m] [0m[0m   |[0m
[0m[[0m[31merror[0m] [0m[0m   |Consider adding a @targetName annotation to one of the conflicting definitions[0m
[0m[[0m[31merror[0m] [0m[0m   |for disambiguation.[0m
[0m[[0m[31merror[0m] [0m[0m[31m-- [E120] Naming Error: C:\Users\Jimmy Rosser\VSCodeProjects\Solitaire\solitaire\src\main\scala\GameState.scala:58:8 [0m[0m
[0m[[0m[31merror[0m] [0m[0m[31m58 |[0m    [33mdef[0m [36mcoveredStack2[0m: [35mStack[Card][0m = {[0m
[0m[[0m[31merror[0m] [0m[0m   |        [31m^[0m[0m
[0m[[0m[31merror[0m] [0m[0m   |Double definition:[0m
[0m[[0m[31merror[0m] [0m[0m   |def coveredStack2: collection.mutable.Stack[Card] in [33mclass[0m [35mGameState[0m at line 55 and[0m
[0m[[0m[31merror[0m] [0m[0m   |def coveredStack2: collection.mutable.Stack[Card] in [33mclass[0m [35mGameState[0m at line 58[0m
[0m[[0m[31merror[0m] [0m[0m   |have the same type after erasure.[0m
[0m[[0m[31merror[0m] [0m[0m   |[0m
[0m[[0m[31merror[0m] [0m[0m   |Consider adding a @targetName annotation to one of the conflicting definitions[0m
[0m[[0m[31merror[0m] [0m[0m   |for disambiguation.[0m
[0m[[0m[31merror[0m] [0m[0m[31m-- [E120] Naming Error: C:\Users\Jimmy Rosser\VSCodeProjects\Solitaire\solitaire\src\main\scala\GameState.scala:61:8 [0m[0m
[0m[[0m[31merror[0m] [0m[0m[31m61 |[0m    [33mdef[0m [36mcoveredStacks[0m: [35mList[Stack[Card]][0m = {[0m
[0m[[0m[31merror[0m] [0m[0m   |        [31m^[0m[0m
[0m[[0m[31merror[0m] [0m[0m   |Double definition:[0m
[0m[[0m[31merror[0m] [0m[0m   |var coveredStacks: List[collection.mutable.Stack[Card]] in [33mclass[0m [35mGameState[0m at line 12 and[0m
[0m[[0m[31merror[0m] [0m[0m   |def coveredStacks: List[collection.mutable.Stack[Card]] in [33mclass[0m [35mGameState[0m at line 61[0m
[0m[[0m[31merror[0m] [0m[0m[31m-- [E120] Naming Error: C:\Users\Jimmy Rosser\VSCodeProjects\Solitaire\solitaire\src\main\scala\GameState.scala:65:8 [0m[0m
[0m[[0m[31merror[0m] [0m[0m[31m65 |[0m    [33mdef[0m [36muncoveredStack1[0m: [35mStack[Card][0m = {[0m
[0m[[0m[31merror[0m] [0m[0m   |        [31m^[0m[0m
[0m[[0m[31merror[0m] [0m[0m   |Double definition:[0m
[0m[[0m[31merror[0m] [0m[0m   |var uncoveredStack1: scala.collection.mutable.Stack[Card] in [33mclass[0m [35mGameState[0m at line 15 and[0m
[0m[[0m[31merror[0m] [0m[0m   |def uncoveredStack1: collection.mutable.Stack[Card] in [33mclass[0m [35mGameState[0m at line 65[0m
[0m[[0m[31merror[0m] [0m[0m[31m-- [E120] Naming Error: C:\Users\Jimmy Rosser\VSCodeProjects\Solitaire\solitaire\src\main\scala\GameState.scala:68:8 [0m[0m
[0m[[0m[31merror[0m] [0m[0m[31m68 |[0m    [33mdef[0m [36muncoveredStack2[0m: [35mStack[Card][0m = {[0m
[0m[[0m[31merror[0m] [0m[0m   |        [31m^[0m[0m
[0m[[0m[31merror[0m] [0m[0m   |Double definition:[0m
[0m[[0m[31merror[0m] [0m[0m   |var uncoveredStack2: scala.collection.mutable.Stack[Card] in [33mclass[0m [35mGameState[0m at line 16 and[0m
[0m[[0m[31merror[0m] [0m[0m   |def uncoveredStack2: collection.mutable.Stack[Card] in [33mclass[0m [35mGameState[0m at line 68[0m
[0m[[0m[31merror[0m] [0m[0m[31m-- [E120] Naming Error: C:\Users\Jimmy Rosser\VSCodeProjects\Solitaire\solitaire\src\main\scala\GameState.scala:71:8 [0m[0m
[0m[[0m[31merror[0m] [0m[0m[31m71 |[0m    [33mdef[0m [36muncoveredStack3[0m: [35mStack[Card][0m = {[0m
[0m[[0m[31merror[0m] [0m[0m   |        [31m^[0m[0m
[0m[[0m[31merror[0m] [0m[0m   |Double definition:[0m
[0m[[0m[31merror[0m] [0m[0m   |var uncoveredStack3: scala.collection.mutable.Stack[Card] in [33mclass[0m [35mGameState[0m at line 17 and[0m
[0m[[0m[31merror[0m] [0m[0m   |def uncoveredStack3: collection.mutable.Stack[Card] in [33mclass[0m [35mGameState[0m at line 71[0m
[0m[[0m[31merror[0m] [0m[0m[31m-- [E120] Naming Error: C:\Users\Jimmy Rosser\VSCodeProjects\Solitaire\solitaire\src\main\scala\GameState.scala:74:8 [0m[0m
[0m[[0m[31merror[0m] [0m[0m[31m74 |[0m    [33mdef[0m [36muncoveredStack4[0m: [35mStack[Card][0m = {[0m
[0m[[0m[31merror[0m] [0m[0m   |        [31m^[0m[0m
[0m[[0m[31merror[0m] [0m[0m   |Double definition:[0m
[0m[[0m[31merror[0m] [0m[0m   |var uncoveredStack4: scala.collection.mutable.Stack[Card] in [33mclass[0m [35mGameState[0m at line 18 and[0m
[0m[[0m[31merror[0m] [0m[0m   |def uncoveredStack4: collection.mutable.Stack[Card] in [33mclass[0m [35mGameState[0m at line 74[0m
[0m[[0m[31merror[0m] [0m[0m[31m-- [E120] Naming Error: C:\Users\Jimmy Rosser\VSCodeProjects\Solitaire\solitaire\src\main\scala\GameState.scala:77:8 [0m[0m
[0m[[0m[31merror[0m] [0m[0m[31m77 |[0m    [33mdef[0m [36muncoveredStack5[0m: [35mStack[Card][0m = {[0m
[0m[[0m[31merror[0m] [0m[0m   |        [31m^[0m[0m
[0m[[0m[31merror[0m] [0m[0m   |Double definition:[0m
[0m[[0m[31merror[0m] [0m[0m   |var uncoveredStack5: scala.collection.mutable.Stack[Card] in [33mclass[0m [35mGameState[0m at line 19 and[0m
[0m[[0m[31merror[0m] [0m[0m   |def uncoveredStack5: collection.mutable.Stack[Card] in [33mclass[0m [35mGameState[0m at line 77[0m
[0m[[0m[31merror[0m] [0m[0m[31m-- [E120] Naming Error: C:\Users\Jimmy Rosser\VSCodeProjects\Solitaire\solitaire\src\main\scala\GameState.scala:80:8 [0m[0m
[0m[[0m[31merror[0m] [0m[0m[31m80 |[0m    [33mdef[0m [36muncoveredStack6[0m: [35mStack[Card][0m = {[0m
[0m[[0m[31merror[0m] [0m[0m   |        [31m^[0m[0m
[0m[[0m[31merror[0m] [0m[0m   |Double definition:[0m
[0m[[0m[31merror[0m] [0m[0m   |var uncoveredStack6: scala.collection.mutable.Stack[Card] in [33mclass[0m [35mGameState[0m at line 20 and[0m
[0m[[0m[31merror[0m] [0m[0m   |def uncoveredStack6: collection.mutable.Stack[Card] in [33mclass[0m [35mGameState[0m at line 80[0m
[0m[[0m[31merror[0m] [0m[0m[31m-- [E120] Naming Error: C:\Users\Jimmy Rosser\VSCodeProjects\Solitaire\solitaire\src\main\scala\GameState.scala:83:8 [0m[0m
[0m[[0m[31merror[0m] [0m[0m[31m83 |[0m    [33mdef[0m [36muncoveredStack7[0m: [35mStack[Card][0m = {[0m
[0m[[0m[31merror[0m] [0m[0m   |        [31m^[0m[0m
[0m[[0m[31merror[0m] [0m[0m   |Double definition:[0m
[0m[[0m[31merror[0m] [0m[0m   |var uncoveredStack7: scala.collection.mutable.Stack[Card] in [33mclass[0m [35mGameState[0m at line 21 and[0m
[0m[[0m[31merror[0m] [0m[0m   |def uncoveredStack7: collection.mutable.Stack[Card] in [33mclass[0m [35mGameState[0m at line 83[0m
[0m[[0m[31merror[0m] [0m[0m[31m-- [E120] Naming Error: C:\Users\Jimmy Rosser\VSCodeProjects\Solitaire\solitaire\src\main\scala\GameState.scala:86:8 [0m[0m
[0m[[0m[31merror[0m] [0m[0m[31m86 |[0m    [33mdef[0m [36muncoveredStacks[0m: [35mList[Stack[Card]][0m = {[0m
[0m[[0m[31merror[0m] [0m[0m   |        [31m^[0m[0m
[0m[[0m[31merror[0m] [0m[0m   |Double definition:[0m
[0m[[0m[31merror[0m] [0m[0m   |var uncoveredStacks: List[collection.mutable.Stack[Card]] in [33mclass[0m [35mGameState[0m at line 23 and[0m
[0m[[0m[31merror[0m] [0m[0m   |def uncoveredStacks: List[collection.mutable.Stack[Card]] in [33mclass[0m [35mGameState[0m at line 86[0m
[0m[[0m[31merror[0m] [0m[0m[31m-- [E120] Naming Error: C:\Users\Jimmy Rosser\VSCodeProjects\Solitaire\solitaire\src\main\scala\GameState.scala:90:8 [0m[0m
[0m[[0m[31merror[0m] [0m[0m[31m90 |[0m    [33mdef[0m [36mace1Stack[0m: [35mStack[Card][0m = {[0m
[0m[[0m[31merror[0m] [0m[0m   |        [31m^[0m[0m
[0m[[0m[31merror[0m] [0m[0m   |Double definition:[0m
[0m[[0m[31merror[0m] [0m[0m   |var ace1Stack: scala.collection.mutable.Stack[Card] in [33mclass[0m [35mGameState[0m at line 26 and[0m
[0m[[0m[31merror[0m] [0m[0m   |def ace1Stack: collection.mutable.Stack[Card] in [33mclass[0m [35mGameState[0m at line 90[0m
[0m[[0m[31merror[0m] [0m[0m[31m-- [E120] Naming Error: C:\Users\Jimmy Rosser\VSCodeProjects\Solitaire\solitaire\src\main\scala\GameState.scala:93:8 [0m[0m
[0m[[0m[31merror[0m] [0m[0m[31m93 |[0m    [33mdef[0m [36mace2Stack[0m: [35mStack[Card][0m = {[0m
[0m[[0m[31merror[0m] [0m[0m   |        [31m^[0m[0m
[0m[[0m[31merror[0m] [0m[0m   |Double definition:[0m
[0m[[0m[31merror[0m] [0m[0m   |var ace2Stack: scala.collection.mutable.Stack[Card] in [33mclass[0m [35mGameState[0m at line 27 and[0m
[0m[[0m[31merror[0m] [0m[0m   |def ace2Stack: collection.mutable.Stack[Card] in [33mclass[0m [35mGameState[0m at line 93[0m
[0m[[0m[31merror[0m] [0m[0m[31m-- [E120] Naming Error: C:\Users\Jimmy Rosser\VSCodeProjects\Solitaire\solitaire\src\main\scala\GameState.scala:96:8 [0m[0m
[0m[[0m[31merror[0m] [0m[0m[31m96 |[0m    [33mdef[0m [36mace3Stack[0m: [35mStack[Card][0m = {[0m
[0m[[0m[31merror[0m] [0m[0m   |        [31m^[0m[0m
[0m[[0m[31merror[0m] [0m[0m   |Double definition:[0m
[0m[[0m[31merror[0m] [0m[0m   |var ace3Stack: scala.collection.mutable.Stack[Card] in [33mclass[0m [35mGameState[0m at line 28 and[0m
[0m[[0m[31merror[0m] [0m[0m   |def ace3Stack: collection.mutable.Stack[Card] in [33mclass[0m [35mGameState[0m at line 96[0m
[0m[[0m[31merror[0m] [0m[0m[31m-- [E120] Naming Error: C:\Users\Jimmy Rosser\VSCodeProjects\Solitaire\solitaire\src\main\scala\GameState.scala:99:8 [0m[0m
[0m[[0m[31merror[0m] [0m[0m[31m99 |[0m    [33mdef[0m [36mace4Stack[0m: [35mStack[Card][0m = {[0m
[0m[[0m[31merror[0m] [0m[0m   |        [31m^[0m[0m
[0m[[0m[31merror[0m] [0m[0m   |Double definition:[0m
[0m[[0m[31merror[0m] [0m[0m   |var ace4Stack: scala.collection.mutable.Stack[Card] in [33mclass[0m [35mGameState[0m at line 29 and[0m
[0m[[0m[31merror[0m] [0m[0m   |def ace4Stack: collection.mutable.Stack[Card] in [33mclass[0m [35mGameState[0m at line 99[0m
[0m[[0m[31merror[0m] [0m[0m[31m-- [E120] Naming Error: C:\Users\Jimmy Rosser\VSCodeProjects\Solitaire\solitaire\src\main\scala\GameState.scala:102:8 [0m[0m
[0m[[0m[31merror[0m] [0m[0m[31m102 |[0m    [33mdef[0m [36maceStacks[0m: [35mList[Stack[Card]][0m = {[0m
[0m[[0m[31merror[0m] [0m[0m    |        [31m^[0m[0m
[0m[[0m[31merror[0m] [0m[0m    |Double definition:[0m
[0m[[0m[31merror[0m] [0m[0m    |var aceStacks: List[collection.mutable.Stack[Card]] in [33mclass[0m [35mGameState[0m at line 31 and[0m
[0m[[0m[31merror[0m] [0m[0m    |def aceStacks: List[collection.mutable.Stack[Card]] in [33mclass[0m [35mGameState[0m at line 102[0m
[0m[[0m[31merror[0m] [0m[0m[31m-- [E120] Naming Error: C:\Users\Jimmy Rosser\VSCodeProjects\Solitaire\solitaire\src\main\scala\GameState.scala:106:8 [0m[0m
[0m[[0m[31merror[0m] [0m[0m[31m106 |[0m    [33mdef[0m [36mdiscardStack[0m: [35mStack[Card][0m = {[0m
[0m[[0m[31merror[0m] [0m[0m    |        [31m^[0m[0m
[0m[[0m[31merror[0m] [0m[0m    |Double definition:[0m
[0m[[0m[31merror[0m] [0m[0m    |var discardStack: scala.collection.mutable.Stack[Card] in [33mclass[0m [35mGameState[0m at line 33 and[0m
[0m[[0m[31merror[0m] [0m[0m    |def discardStack: collection.mutable.Stack[Card] in [33mclass[0m [35mGameState[0m at line 106[0m
[0m[[0m[31merror[0m] [0m[0m[31m-- [E120] Naming Error: C:\Users\Jimmy Rosser\VSCodeProjects\Solitaire\solitaire\src\main\scala\GameState.scala:109:8 [0m[0m
[0m[[0m[31merror[0m] [0m[0m[31m109 |[0m    [33mdef[0m [36mdrawStack[0m: [35mStack[Card][0m = {[0m
[0m[[0m[31merror[0m] [0m[0m    |        [31m^[0m[0m
[0m[[0m[31merror[0m] [0m[0m    |Double definition:[0m
[0m[[0m[31merror[0m] [0m[0m    |var drawStack: scala.collection.mutable.Stack[Card] in [33mclass[0m [35mGameState[0m at line 34 and[0m
[0m[[0m[31merror[0m] [0m[0m    |def drawStack: collection.mutable.Stack[Card] in [33mclass[0m [35mGameState[0m at line 109[0m
[0m[[0m[31merror[0m] [0m[0m[31m-- [E120] Naming Error: C:\Users\Jimmy Rosser\VSCodeProjects\Solitaire\solitaire\src\main\scala\GameState.scala:113:8 [0m[0m
[0m[[0m[31merror[0m] [0m[0m[31m113 |[0m    [33mdef[0m [36mdeckStack[0m: [35mStack[Card][0m = {[0m
[0m[[0m[31merror[0m] [0m[0m    |        [31m^[0m[0m
[0m[[0m[31merror[0m] [0m[0m    |Double definition:[0m
[0m[[0m[31merror[0m] [0m[0m    |var deckStack: collection.mutable.Stack[Card] in [33mclass[0m [35mGameState[0m at line 39 and[0m
[0m[[0m[31merror[0m] [0m[0m    |def deckStack: collection.mutable.Stack[Card] in [33mclass[0m [35mGameState[0m at line 113[0m
[0m[[0m[31merror[0m] [0m[0m[31m-- [E120] Naming Error: C:\Users\Jimmy Rosser\VSCodeProjects\Solitaire\solitaire\src\main\scala\GameState.scala:117:8 [0m[0m
[0m[[0m[31merror[0m] [0m[0m[31m117 |[0m    [33mdef[0m [36mcardsToFlip[0m: [35mInt[0m = {[0m
[0m[[0m[31merror[0m] [0m[0m    |        [31m^[0m[0m
[0m[[0m[31merror[0m] [0m[0m    |        Double definition:[0m
[0m[[0m[31merror[0m] [0m[0m    |        var cardsToFlip: Int in [33mclass[0m [35mGameState[0m at line 35 and[0m
[0m[[0m[31merror[0m] [0m[0m    |        def cardsToFlip: Int in [33mclass[0m [35mGameState[0m at line 117[0m
[0m[[0m[31merror[0m] [0m[0m[31m-- [E008] Not Found Error: C:\Users\Jimmy Rosser\VSCodeProjects\Solitaire\solitaire\src\main\scala\Main.scala:497:16 [0m[0m
[0m[[0m[31merror[0m] [0m[0m[31m497 |[0m      GameState.uncoveredStack1.push(GameState.deckStack.pop())[0m
[0m[[0m[31merror[0m] [0m[0m    |      [31m^^^^^^^^^^^^^^^^^^^^^^^^^[0m[0m
[0m[[0m[31merror[0m] [0m[0m    |      value uncoveredStack1 is not a member of object GameState[0m
[0m[[0m[31merror[0m] [0m[0m[31m-- [E008] Not Found Error: C:\Users\Jimmy Rosser\VSCodeProjects\Solitaire\solitaire\src\main\scala\Main.scala:499:18 [0m[0m
[0m[[0m[31merror[0m] [0m[0m[31m499 |[0m        GameState.coveredStacks(i).push(GameState.deckStack.pop())[0m
[0m[[0m[31merror[0m] [0m[0m    |        [31m^^^^^^^^^^^^^^^^^^^^^^^[0m[0m
[0m[[0m[31merror[0m] [0m[0m    |        value coveredStacks is not a member of object GameState[0m
[0m[[0m[31merror[0m] [0m[0m[31m-- [E008] Not Found Error: C:\Users\Jimmy Rosser\VSCodeProjects\Solitaire\solitaire\src\main\scala\Main.scala:503:16 [0m[0m
[0m[[0m[31merror[0m] [0m[0m[31m503 |[0m      GameState.uncoveredStack2.push(GameState.deckStack.pop())[0m
[0m[[0m[31merror[0m] [0m[0m    |      [31m^^^^^^^^^^^^^^^^^^^^^^^^^[0m[0m
[0m[[0m[31merror[0m] [0m[0m    |      value uncoveredStack2 is not a member of object GameState[0m
[0m[[0m[31merror[0m] [0m[0m[31m-- [E008] Not Found Error: C:\Users\Jimmy Rosser\VSCodeProjects\Solitaire\solitaire\src\main\scala\Main.scala:505:18 [0m[0m
[0m[[0m[31merror[0m] [0m[0m[31m505 |[0m        GameState.coveredStacks(i).push(GameState.deckStack.pop())[0m
[0m[[0m[31merror[0m] [0m[0m    |        [31m^^^^^^^^^^^^^^^^^^^^^^^[0m[0m
[0m[[0m[31merror[0m] [0m[0m    |        value coveredStacks is not a member of object GameState[0m
[0m[[0m[31merror[0m] [0m[0m[31m-- [E008] Not Found Error: C:\Users\Jimmy Rosser\VSCodeProjects\Solitaire\solitaire\src\main\scala\Main.scala:509:16 [0m[0m
[0m[[0m[31merror[0m] [0m[0m[31m509 |[0m      GameState.uncoveredStack3.push(GameState.deckStack.pop())[0m
[0m[[0m[31merror[0m] [0m[0m    |      [31m^^^^^^^^^^^^^^^^^^^^^^^^^[0m[0m
[0m[[0m[31merror[0m] [0m[0m    |      value uncoveredStack3 is not a member of object GameState[0m
[0m[[0m[31merror[0m] [0m[0m[31m-- [E008] Not Found Error: C:\Users\Jimmy Rosser\VSCodeProjects\Solitaire\solitaire\src\main\scala\Main.scala:511:18 [0m[0m
[0m[[0m[31merror[0m] [0m[0m[31m511 |[0m        GameState.coveredStacks(i).push(GameState.deckStack.pop())[0m
[0m[[0m[31merror[0m] [0m[0m    |        [31m^^^^^^^^^^^^^^^^^^^^^^^[0m[0m
[0m[[0m[31merror[0m] [0m[0m    |        value coveredStacks is not a member of object GameState[0m
[0m[[0m[31merror[0m] [0m[0m[31m-- [E008] Not Found Error: C:\Users\Jimmy Rosser\VSCodeProjects\Solitaire\solitaire\src\main\scala\Main.scala:515:16 [0m[0m
[0m[[0m[31merror[0m] [0m[0m[31m515 |[0m      GameState.uncoveredStack4.push(deckStack.pop())[0m
[0m[[0m[31merror[0m] [0m[0m    |      [31m^^^^^^^^^^^^^^^^^^^^^^^^^[0m[0m
[0m[[0m[31merror[0m] [0m[0m    |      value uncoveredStack4 is not a member of object GameState[0m
[0m[[0m[31merror[0m] [0m[0m[31m-- [E008] Not Found Error: C:\Users\Jimmy Rosser\VSCodeProjects\Solitaire\solitaire\src\main\scala\Main.scala:517:18 [0m[0m
[0m[[0m[31merror[0m] [0m[0m[31m517 |[0m        GameState.coveredStacks(i).push(GameState.deckStack.pop())[0m
[0m[[0m[31merror[0m] [0m[0m    |        [31m^^^^^^^^^^^^^^^^^^^^^^^[0m[0m
[0m[[0m[31merror[0m] [0m[0m    |        value coveredStacks is not a member of object GameState[0m
[0m[[0m[31merror[0m] [0m[0m[31m-- [E008] Not Found Error: C:\Users\Jimmy Rosser\VSCodeProjects\Solitaire\solitaire\src\main\scala\Main.scala:520:16 [0m[0m
[0m[[0m[31merror[0m] [0m[0m[31m520 |[0m      GameState.uncoveredStack5.push(deckStack.pop())[0m
[0m[[0m[31merror[0m] [0m[0m    |      [31m^^^^^^^^^^^^^^^^^^^^^^^^^[0m[0m
[0m[[0m[31merror[0m] [0m[0m    |      value uncoveredStack5 is not a member of object GameState[0m
[0m[[0m[31merror[0m] [0m[0m[31m-- [E008] Not Found Error: C:\Users\Jimmy Rosser\VSCodeProjects\Solitaire\solitaire\src\main\scala\Main.scala:522:18 [0m[0m
[0m[[0m[31merror[0m] [0m[0m[31m522 |[0m        GameState.coveredStacks(i).push(GameState.deckStack.pop())[0m
[0m[[0m[31merror[0m] [0m[0m    |        [31m^^^^^^^^^^^^^^^^^^^^^^^[0m[0m
[0m[[0m[31merror[0m] [0m[0m    |        value coveredStacks is not a member of object GameState[0m
[0m[[0m[31merror[0m] [0m[0m[31m-- [E008] Not Found Error: C:\Users\Jimmy Rosser\VSCodeProjects\Solitaire\solitaire\src\main\scala\Main.scala:525:16 [0m[0m
[0m[[0m[31merror[0m] [0m[0m[31m525 |[0m      GameState.uncoveredStack6.push(GameState.deckStack.pop())[0m
[0m[[0m[31merror[0m] [0m[0m    |      [31m^^^^^^^^^^^^^^^^^^^^^^^^^[0m[0m
[0m[[0m[31merror[0m] [0m[0m    |      value uncoveredStack6 is not a member of object GameState[0m
[0m[[0m[31merror[0m] [0m[0m[31m-- [E008] Not Found Error: C:\Users\Jimmy Rosser\VSCodeProjects\Solitaire\solitaire\src\main\scala\Main.scala:526:16 [0m[0m
[0m[[0m[31merror[0m] [0m[0m[31m526 |[0m      GameState.coveredStack7.push(GameState.deckStack.pop())[0m
[0m[[0m[31merror[0m] [0m[0m    |      [31m^^^^^^^^^^^^^^^^^^^^^^^[0m[0m
[0m[[0m[31merror[0m] [0m[0m    |      value coveredStack7 is not a member of object GameState[0m
[0m[[0m[31merror[0m] [0m[0m[31m-- [E008] Not Found Error: C:\Users\Jimmy Rosser\VSCodeProjects\Solitaire\solitaire\src\main\scala\Main.scala:528:16 [0m[0m
[0m[[0m[31merror[0m] [0m[0m[31m528 |[0m      GameState.uncoveredStack7.push(GameState.deckStack.pop())[0m
[0m[[0m[31merror[0m] [0m[0m    |      [31m^^^^^^^^^^^^^^^^^^^^^^^^^[0m[0m
[0m[[0m[31merror[0m] [0m[0m    |      value uncoveredStack7 is not a member of object GameState[0m
[0m[[0m[31merror[0m] [0m[0m[31m-- [E008] Not Found Error: C:\Users\Jimmy Rosser\VSCodeProjects\Solitaire\solitaire\src\main\scala\Main.scala:529:16 [0m[0m
[0m[[0m[31merror[0m] [0m[0m[31m529 |[0m      GameState.drawStack.pushAll(GameState.deckStack)[0m
[0m[[0m[31merror[0m] [0m[0m    |      [31m^^^^^^^^^^^^^^^^^^^[0m[0m
[0m[[0m[31merror[0m] [0m[0m    |      value drawStack is not a member of object GameState[0m
[0m[[0m[31merror[0m] [0m[0m[31m-- [E008] Not Found Error: C:\Users\Jimmy Rosser\VSCodeProjects\Solitaire\solitaire\src\main\scala\Main.scala:530:45 [0m[0m
[0m[[0m[31merror[0m] [0m[0m[31m530 |[0m      println([31m"drawStack size: "[0m + GameState.drawStack.size)[0m
[0m[[0m[31merror[0m] [0m[0m    |                                   [31m^^^^^^^^^^^^^^^^^^^[0m[0m
[0m[[0m[31merror[0m] [0m[0m    |                   value drawStack is not a member of object GameState[0m
[0m[[0m[31merror[0m] [0m[0m[31m-- [E008] Not Found Error: C:\Users\Jimmy Rosser\VSCodeProjects\Solitaire\solitaire\src\main\scala\Main.scala:393:17 [0m[0m
[0m[[0m[31merror[0m] [0m[0m[31m393 |[0m    [33mif[0m(GameState.ace1Stack.isEmpty) {[0m
[0m[[0m[31merror[0m] [0m[0m    |       [31m^^^^^^^^^^^^^^^^^^^[0m[0m
[0m[[0m[31merror[0m] [0m[0m    |       value ace1Stack is not a member of object GameState[0m
[0m[[0m[31merror[0m] [0m[0m[31m-- [E008] Not Found Error: C:\Users\Jimmy Rosser\VSCodeProjects\Solitaire\solitaire\src\main\scala\Main.scala:394:16 [0m[0m
[0m[[0m[31merror[0m] [0m[0m[31m394 |[0m      GameState.aceCardList = GameState.aceCardList :+ printEmptyCard().split([31m","[0m).toList[0m
[0m[[0m[31merror[0m] [0m[0m    |      [31m^^^^^^^^^^^^^^^^^^^^^[0m[0m
[0m[[0m[31merror[0m] [0m[0m    |      value aceCardList is not a member of object GameState[0m
[0m[[0m[31merror[0m] [0m[0m[31m-- [E008] Not Found Error: C:\Users\Jimmy Rosser\VSCodeProjects\Solitaire\solitaire\src\main\scala\Main.scala:394:40 [0m[0m
[0m[[0m[31merror[0m] [0m[0m[31m394 |[0m      GameState.aceCardList = GameState.aceCardList :+ printEmptyCard().split([31m","[0m).toList[0m
[0m[[0m[31merror[0m] [0m[0m    |                              [31m^^^^^^^^^^^^^^^^^^^^^[0m[0m
[0m[[0m[31merror[0m] [0m[0m    |                 value aceCardList is not a member of object GameState[0m
[0m[[0m[31merror[0m] [0m[0m[31m-- [E008] Not Found Error: C:\Users\Jimmy Rosser\VSCodeProjects\Solitaire\solitaire\src\main\scala\Main.scala:397:16 [0m[0m
[0m[[0m[31merror[0m] [0m[0m[31m397 |[0m      GameState.aceCardList = GameState.aceCardList :+ convertCardToASCII(ace1Stack.top).split([31m","[0m).toList[0m
[0m[[0m[31merror[0m] [0m[0m    |      [31m^^^^^^^^^^^^^^^^^^^^^[0m[0m
[0m[[0m[31merror[0m] [0m[0m    |      value aceCardList is not a member of object GameState[0m
[0m[[0m[31merror[0m] [0m[0m[31m-- [E008] Not Found Error: C:\Users\Jimmy Rosser\VSCodeProjects\Solitaire\solitaire\src\main\scala\Main.scala:397:40 [0m[0m
[0m[[0m[31merror[0m] [0m[0m[31m397 |[0m      GameState.aceCardList = GameState.aceCardList :+ convertCardToASCII(ace1Stack.top).split([31m","[0m).toList[0m
[0m[[0m[31merror[0m] [0m[0m    |                              [31m^^^^^^^^^^^^^^^^^^^^^[0m[0m
[0m[[0m[31merror[0m] [0m[0m    |                 value aceCardList is not a member of object GameState[0m
[0m[[0m[31merror[0m] [0m[0m[31m-- [E006] Not Found Error: C:\Users\Jimmy Rosser\VSCodeProjects\Solitaire\solitaire\src\main\scala\Main.scala:399:7 [0m[0m
[0m[[0m[31merror[0m] [0m[0m[31m399 |[0m    [33mif[0m(ace2Stack.isEmpty) {[0m
[0m[[0m[31merror[0m] [0m[0m    |       [31m^^^^^^^^^[0m[0m
[0m[[0m[31merror[0m] [0m[0m    |       Not found: ace2Stack[0m
[0m[[0m[31merror[0m] [0m[0m[31m-- [E008] Not Found Error: C:\Users\Jimmy Rosser\VSCodeProjects\Solitaire\solitaire\src\main\scala\Main.scala:400:16 [0m[0m
[0m[[0m[31merror[0m] [0m[0m[31m400 |[0m      GameState.aceCardList = GameState.aceCardList :+ printEmptyCard().split([31m","[0m).toList[0m
[0m[[0m[31merror[0m] [0m[0m    |      [31m^^^^^^^^^^^^^^^^^^^^^[0m[0m
[0m[[0m[31merror[0m] [0m[0m    |      value aceCardList is not a member of object GameState[0m
[0m[[0m[31merror[0m] [0m[0m[31m-- [E008] Not Found Error: C:\Users\Jimmy Rosser\VSCodeProjects\Solitaire\solitaire\src\main\scala\Main.scala:400:40 [0m[0m
[0m[[0m[31merror[0m] [0m[0m[31m400 |[0m      GameState.aceCardList = GameState.aceCardList :+ printEmptyCard().split([31m","[0m).toList[0m
[0m[[0m[31merror[0m] [0m[0m    |                              [31m^^^^^^^^^^^^^^^^^^^^^[0m[0m
[0m[[0m[31merror[0m] [0m[0m    |                 value aceCardList is not a member of object GameState[0m
[0m[[0m[31merror[0m] [0m[0m[31m-- [E008] Not Found Error: C:\Users\Jimmy Rosser\VSCodeProjects\Solitaire\solitaire\src\main\scala\Main.scala:403:16 [0m[0m
[0m[[0m[31merror[0m] [0m[0m[31m403 |[0m      GameState.aceCardList = GameState.aceCardList :+ convertCardToASCII(ace2Stack.top).split([31m","[0m).toList[0m
[0m[[0m[31merror[0m] [0m[0m    |      [31m^^^^^^^^^^^^^^^^^^^^^[0m[0m
[0m[[0m[31merror[0m] [0m[0m    |      value aceCardList is not a member of object GameState[0m
[0m[[0m[31merror[0m] [0m[0m[31m-- [E008] Not Found Error: C:\Users\Jimmy Rosser\VSCodeProjects\Solitaire\solitaire\src\main\scala\Main.scala:403:40 [0m[0m
[0m[[0m[31merror[0m] [0m[0m[31m403 |[0m      GameState.aceCardList = GameState.aceCardList :+ convertCardToASCII(ace2Stack.top).split([31m","[0m).toList[0m
[0m[[0m[31merror[0m] [0m[0m    |                              [31m^^^^^^^^^^^^^^^^^^^^^[0m[0m
[0m[[0m[31merror[0m] [0m[0m    |                 value aceCardList is not a member of object GameState[0m
[0m[[0m[31merror[0m] [0m[0m[31m-- [E006] Not Found Error: C:\Users\Jimmy Rosser\VSCodeProjects\Solitaire\solitaire\src\main\scala\Main.scala:405:7 [0m[0m
[0m[[0m[31merror[0m] [0m[0m[31m405 |[0m    [33mif[0m(ace3Stack.isEmpty) {[0m
[0m[[0m[31merror[0m] [0m[0m    |       [31m^^^^^^^^^[0m[0m
[0m[[0m[31merror[0m] [0m[0m    |       Not found: ace3Stack[0m
[0m[[0m[31merror[0m] [0m[0m[31m-- [E008] Not Found Error: C:\Users\Jimmy Rosser\VSCodeProjects\Solitaire\solitaire\src\main\scala\Main.scala:406:16 [0m[0m
[0m[[0m[31merror[0m] [0m[0m[31m406 |[0m      GameState.aceCardList = GameState.aceCardList :+ printEmptyCard().split([31m","[0m).toList[0m
[0m[[0m[31merror[0m] [0m[0m    |      [31m^^^^^^^^^^^^^^^^^^^^^[0m[0m
[0m[[0m[31merror[0m] [0m[0m    |      value aceCardList is not a member of object GameState[0m
[0m[[0m[31merror[0m] [0m[0m[31m-- [E008] Not Found Error: C:\Users\Jimmy Rosser\VSCodeProjects\Solitaire\solitaire\src\main\scala\Main.scala:406:40 [0m[0m
[0m[[0m[31merror[0m] [0m[0m[31m406 |[0m      GameState.aceCardList = GameState.aceCardList :+ printEmptyCard().split([31m","[0m).toList[0m
[0m[[0m[31merror[0m] [0m[0m    |                              [31m^^^^^^^^^^^^^^^^^^^^^[0m[0m
[0m[[0m[31merror[0m] [0m[0m    |                 value aceCardList is not a member of object GameState[0m
[0m[[0m[31merror[0m] [0m[0m[31m-- [E008] Not Found Error: C:\Users\Jimmy Rosser\VSCodeProjects\Solitaire\solitaire\src\main\scala\Main.scala:409:16 [0m[0m
[0m[[0m[31merror[0m] [0m[0m[31m409 |[0m      GameState.aceCardList = GameState.aceCardList :+ convertCardToASCII(ace3Stack.top).split([31m","[0m).toList[0m
[0m[[0m[31merror[0m] [0m[0m    |      [31m^^^^^^^^^^^^^^^^^^^^^[0m[0m
[0m[[0m[31merror[0m] [0m[0m    |      value aceCardList is not a member of object GameState[0m
[0m[[0m[31merror[0m] [0m[0m[31m-- [E008] Not Found Error: C:\Users\Jimmy Rosser\VSCodeProjects\Solitaire\solitaire\src\main\scala\Main.scala:409:40 [0m[0m
[0m[[0m[31merror[0m] [0m[0m[31m409 |[0m      GameState.aceCardList = GameState.aceCardList :+ convertCardToASCII(ace3Stack.top).split([31m","[0m).toList[0m
[0m[[0m[31merror[0m] [0m[0m    |                              [31m^^^^^^^^^^^^^^^^^^^^^[0m[0m
[0m[[0m[31merror[0m] [0m[0m    |                 value aceCardList is not a member of object GameState[0m
[0m[[0m[31merror[0m] [0m[0m[31m-- [E008] Not Found Error: C:\Users\Jimmy Rosser\VSCodeProjects\Solitaire\solitaire\src\main\scala\Main.scala:411:17 [0m[0m
[0m[[0m[31merror[0m] [0m[0m[31m411 |[0m    [33mif[0m(GameState.ace4Stack.isEmpty) {[0m
[0m[[0m[31merror[0m] [0m[0m    |       [31m^^^^^^^^^^^^^^^^^^^[0m[0m
[0m[[0m[31merror[0m] [0m[0m    |       value ace4Stack is not a member of object GameState[0m
[0m[[0m[31merror[0m] [0m[0m[31m-- [E008] Not Found Error: C:\Users\Jimmy Rosser\VSCodeProjects\Solitaire\solitaire\src\main\scala\Main.scala:412:16 [0m[0m
[0m[[0m[31merror[0m] [0m[0m[31m412 |[0m      GameState.aceCardList = GameState.aceCardList :+ printEmptyCard().split([31m","[0m).toList[0m
[0m[[0m[31merror[0m] [0m[0m    |      [31m^^^^^^^^^^^^^^^^^^^^^[0m[0m
[0m[[0m[31merror[0m] [0m[0m    |      value aceCardList is not a member of object GameState[0m
[0m[[0m[31merror[0m] [0m[0m[31m-- [E008] Not Found Error: C:\Users\Jimmy Rosser\VSCodeProjects\Solitaire\solitaire\src\main\scala\Main.scala:412:40 [0m[0m
[0m[[0m[31merror[0m] [0m[0m[31m412 |[0m      GameState.aceCardList = GameState.aceCardList :+ printEmptyCard().split([31m","[0m).toList[0m
[0m[[0m[31merror[0m] [0m[0m    |                              [31m^^^^^^^^^^^^^^^^^^^^^[0m[0m
[0m[[0m[31merror[0m] [0m[0m    |                 value aceCardList is not a member of object GameState[0m
[0m[[0m[31merror[0m] [0m[0m[31m-- [E008] Not Found Error: C:\Users\Jimmy Rosser\VSCodeProjects\Solitaire\solitaire\src\main\scala\Main.scala:415:16 [0m[0m
[0m[[0m[31merror[0m] [0m[0m[31m415 |[0m      GameState.aceCardList = GameState.aceCardList :+ convertCardToASCII(ace4Stack.top).split([31m","[0m).toList[0m
[0m[[0m[31merror[0m] [0m[0m    |      [31m^^^^^^^^^^^^^^^^^^^^^[0m[0m
[0m[[0m[31merror[0m] [0m[0m    |      value aceCardList is not a member of object GameState[0m
[0m[[0m[31merror[0m] [0m[0m[31m-- [E008] Not Found Error: C:\Users\Jimmy Rosser\VSCodeProjects\Solitaire\solitaire\src\main\scala\Main.scala:415:40 [0m[0m
[0m[[0m[31merror[0m] [0m[0m[31m415 |[0m      GameState.aceCardList = GameState.aceCardList :+ convertCardToASCII(ace4Stack.top).split([31m","[0m).toList[0m
[0m[[0m[31merror[0m] [0m[0m    |                              [31m^^^^^^^^^^^^^^^^^^^^^[0m[0m
[0m[[0m[31merror[0m] [0m[0m    |                 value aceCardList is not a member of object GameState[0m
[0m[[0m[31merror[0m] [0m[0m[31m-- [E008] Not Found Error: C:\Users\Jimmy Rosser\VSCodeProjects\Solitaire\solitaire\src\main\scala\Main.scala:440:35 [0m[0m
[0m[[0m[31merror[0m] [0m[0m[31m440 |[0m      convertCardToASCII(GameState.uncoveredStack1.top).split([31m","[0m).toList, [0m
[0m[[0m[31merror[0m] [0m[0m    |                         [31m^^^^^^^^^^^^^^^^^^^^^^^^^[0m[0m
[0m[[0m[31merror[0m] [0m[0m    |             value uncoveredStack1 is not a member of object GameState[0m
[0m[[0m[31merror[0m] [0m[0m[31m-- [E008] Not Found Error: C:\Users\Jimmy Rosser\VSCodeProjects\Solitaire\solitaire\src\main\scala\Main.scala:441:35 [0m[0m
[0m[[0m[31merror[0m] [0m[0m[31m441 |[0m      convertCardToASCII(GameState.uncoveredStack2.top).split([31m","[0m).toList, [0m
[0m[[0m[31merror[0m] [0m[0m    |                         [31m^^^^^^^^^^^^^^^^^^^^^^^^^[0m[0m
[0m[[0m[31merror[0m] [0m[0m    |             value uncoveredStack2 is not a member of object GameState[0m
[0m[[0m[31merror[0m] [0m[0m[31m-- [E008] Not Found Error: C:\Users\Jimmy Rosser\VSCodeProjects\Solitaire\solitaire\src\main\scala\Main.scala:442:35 [0m[0m
[0m[[0m[31merror[0m] [0m[0m[31m442 |[0m      convertCardToASCII(GameState.uncoveredStack3.top).split([31m","[0m).toList, [0m
[0m[[0m[31merror[0m] [0m[0m    |                         [31m^^^^^^^^^^^^^^^^^^^^^^^^^[0m[0m
[0m[[0m[31merror[0m] [0m[0m    |             value uncoveredStack3 is not a member of object GameState[0m
[0m[[0m[31merror[0m] [0m[0m[31m-- [E008] Not Found Error: C:\Users\Jimmy Rosser\VSCodeProjects\Solitaire\solitaire\src\main\scala\Main.scala:443:35 [0m[0m
[0m[[0m[31merror[0m] [0m[0m[31m443 |[0m      convertCardToASCII(GameState.uncoveredStack4.top).split([31m","[0m).toList, [0m
[0m[[0m[31merror[0m] [0m[0m    |                         [31m^^^^^^^^^^^^^^^^^^^^^^^^^[0m[0m
[0m[[0m[31merror[0m] [0m[0m    |             value uncoveredStack4 is not a member of object GameState[0m
[0m[[0m[31merror[0m] [0m[0m[31m-- [E008] Not Found Error: C:\Users\Jimmy Rosser\VSCodeProjects\Solitaire\solitaire\src\main\scala\Main.scala:444:35 [0m[0m
[0m[[0m[31merror[0m] [0m[0m[31m444 |[0m      convertCardToASCII(GameState.uncoveredStack5.top).split([31m","[0m).toList, [0m
[0m[[0m[31merror[0m] [0m[0m    |                         [31m^^^^^^^^^^^^^^^^^^^^^^^^^[0m[0m
[0m[[0m[31merror[0m] [0m[0m    |             value uncoveredStack5 is not a member of object GameState[0m
[0m[[0m[31merror[0m] [0m[0m[31m-- [E008] Not Found Error: C:\Users\Jimmy Rosser\VSCodeProjects\Solitaire\solitaire\src\main\scala\Main.scala:445:35 [0m[0m
[0m[[0m[31merror[0m] [0m[0m[31m445 |[0m      convertCardToASCII(GameState.uncoveredStack6.top).split([31m","[0m).toList, [0m
[0m[[0m[31merror[0m] [0m[0m    |                         [31m^^^^^^^^^^^^^^^^^^^^^^^^^[0m[0m
[0m[[0m[31merror[0m] [0m[0m    |             value uncoveredStack6 is not a member of object GameState[0m
[0m[[0m[31merror[0m] [0m[0m[31m-- [E008] Not Found Error: C:\Users\Jimmy Rosser\VSCodeProjects\Solitaire\solitaire\src\main\scala\Main.scala:446:35 [0m[0m
[0m[[0m[31merror[0m] [0m[0m[31m446 |[0m      convertCardToASCII(GameState.uncoveredStack7.top).split([31m","[0m).toList)[0m
[0m[[0m[31merror[0m] [0m[0m    |                         [31m^^^^^^^^^^^^^^^^^^^^^^^^^[0m[0m
[0m[[0m[31merror[0m] [0m[0m    |             value uncoveredStack7 is not a member of object GameState[0m
[0m[[0m[31merror[0m] [0m[0m[31m-- [E008] Not Found Error: C:\Users\Jimmy Rosser\VSCodeProjects\Solitaire\solitaire\src\main\scala\Main.scala:473:17 [0m[0m
[0m[[0m[31merror[0m] [0m[0m[31m473 |[0m    [33mif[0m(GameState.discardStack.isEmpty) {[0m
[0m[[0m[31merror[0m] [0m[0m    |       [31m^^^^^^^^^^^^^^^^^^^^^^[0m[0m
[0m[[0m[31merror[0m] [0m[0m    |       value discardStack is not a member of object GameState[0m
[0m[[0m[31merror[0m] [0m[0m[31m-- [E008] Not Found Error: C:\Users\Jimmy Rosser\VSCodeProjects\Solitaire\solitaire\src\main\scala\Main.scala:474:16 [0m[0m
[0m[[0m[31merror[0m] [0m[0m[31m474 |[0m      GameState.drawCardsList = GameState.drawCardsList :+ printEmptyCard().split([31m","[0m).toList[0m
[0m[[0m[31merror[0m] [0m[0m    |      [31m^^^^^^^^^^^^^^^^^^^^^^^[0m[0m
[0m[[0m[31merror[0m] [0m[0m    |      value drawCardsList is not a member of object GameState[0m
[0m[[0m[31merror[0m] [0m[0m[31m-- [E008] Not Found Error: C:\Users\Jimmy Rosser\VSCodeProjects\Solitaire\solitaire\src\main\scala\Main.scala:474:42 [0m[0m
[0m[[0m[31merror[0m] [0m[0m[31m474 |[0m      GameState.drawCardsList = GameState.drawCardsList :+ printEmptyCard().split([31m","[0m).toList[0m
[0m[[0m[31merror[0m] [0m[0m    |                                [31m^^^^^^^^^^^^^^^^^^^^^^^[0m[0m
[0m[[0m[31merror[0m] [0m[0m    |               value drawCardsList is not a member of object GameState[0m
[0m[[0m[31merror[0m] [0m[0m[31m-- [E008] Not Found Error: C:\Users\Jimmy Rosser\VSCodeProjects\Solitaire\solitaire\src\main\scala\Main.scala:477:16 [0m[0m
[0m[[0m[31merror[0m] [0m[0m[31m477 |[0m      GameState.drawCardsList = GameState.drawCardsList :+ convertCardToASCII(discardStack.top).split([31m","[0m).toList[0m
[0m[[0m[31merror[0m] [0m[0m    |      [31m^^^^^^^^^^^^^^^^^^^^^^^[0m[0m
[0m[[0m[31merror[0m] [0m[0m    |      value drawCardsList is not a member of object GameState[0m
[0m[[0m[31merror[0m] [0m[0m[31m-- [E008] Not Found Error: C:\Users\Jimmy Rosser\VSCodeProjects\Solitaire\solitaire\src\main\scala\Main.scala:477:42 [0m[0m
[0m[[0m[31merror[0m] [0m[0m[31m477 |[0m      GameState.drawCardsList = GameState.drawCardsList :+ convertCardToASCII(discardStack.top).split([31m","[0m).toList[0m
[0m[[0m[31merror[0m] [0m[0m    |                                [31m^^^^^^^^^^^^^^^^^^^^^^^[0m[0m
[0m[[0m[31merror[0m] [0m[0m    |               value drawCardsList is not a member of object GameState[0m
[0m[[0m[31merror[0m] [0m[0m[31m-- [E008] Not Found Error: C:\Users\Jimmy Rosser\VSCodeProjects\Solitaire\solitaire\src\main\scala\Main.scala:479:14 [0m[0m
[0m[[0m[31merror[0m] [0m[0m[31m479 |[0m    GameState.drawCardsList = GameState.drawCardsList :+ printEmptyCard().split([31m","[0m).toList[0m
[0m[[0m[31merror[0m] [0m[0m    |    [31m^^^^^^^^^^^^^^^^^^^^^^^[0m[0m
[0m[[0m[31merror[0m] [0m[0m    |    value drawCardsList is not a member of object GameState[0m
[0m[[0m[31merror[0m] [0m[0m[31m-- [E008] Not Found Error: C:\Users\Jimmy Rosser\VSCodeProjects\Solitaire\solitaire\src\main\scala\Main.scala:479:40 [0m[0m
[0m[[0m[31merror[0m] [0m[0m[31m479 |[0m    GameState.drawCardsList = GameState.drawCardsList :+ printEmptyCard().split([31m","[0m).toList[0m
[0m[[0m[31merror[0m] [0m[0m    |                              [31m^^^^^^^^^^^^^^^^^^^^^^^[0m[0m
[0m[[0m[31merror[0m] [0m[0m    |               value drawCardsList is not a member of object GameState[0m
[0m[[0m[31merror[0m] [0m[0m[31m-- [E006] Not Found Error: C:\Users\Jimmy Rosser\VSCodeProjects\Solitaire\solitaire\src\main\scala\Main.scala:541:6 [0m[0m
[0m[[0m[31merror[0m] [0m[0m[31m541 |[0m      cardsToFlip = [31m3[0m[0m
[0m[[0m[31merror[0m] [0m[0m    |      [31m^^^^^^^^^^^[0m[0m
[0m[[0m[31merror[0m] [0m[0m    |      Not found: cardsToFlip[0m
[0m[[0m[31merror[0m] [0m[0m[31m-- [E006] Not Found Error: C:\Users\Jimmy Rosser\VSCodeProjects\Solitaire\solitaire\src\main\scala\Main.scala:546:29 [0m[0m
[0m[[0m[31merror[0m] [0m[0m[31m546 |[0m    println([31m"Flip Count: "[0m + cardsToFlip)[0m
[0m[[0m[31merror[0m] [0m[0m    |                             [31m^^^^^^^^^^^[0m[0m
[0m[[0m[31merror[0m] [0m[0m    |                             Not found: cardsToFlip[0m
[0m[[0m[31merror[0m] [0m[0m[31m-- [E008] Not Found Error: C:\Users\Jimmy Rosser\VSCodeProjects\Solitaire\solitaire\src\main\scala\Main.scala:573:16 [0m[0m
[0m[[0m[31merror[0m] [0m[0m[31m573 |[0m      GameState.discardStack.push(GameState.drawStack.pop())[0m
[0m[[0m[31merror[0m] [0m[0m    |      [31m^^^^^^^^^^^^^^^^^^^^^^[0m[0m
[0m[[0m[31merror[0m] [0m[0m    |      value discardStack is not a member of object GameState[0m
[0m[[0m[31merror[0m] [0m[0m77 errors found[0m
[0m[[0m[31merror[0m] [0m[0m77 errors found[0m
[0m[[0m[31merror[0m] [0m[0m(Compile / [31mcompileIncremental[0m) Compilation failed[0m
[0m[[0m[31merror[0m] [0m[0mTotal time: 1 s, completed Sep 15, 2021, 11:20:19 PM[0m
[0m[[0m[0mdebug[0m] [0m[0m> Exec(shell, None, None)[0m
