[0m2021.09.15 11:09:40 INFO  Started: Metals version 0.10.6 in workspace '/Users/jimmyrosser/VSCodeProjects/Solitaire/solitaire' for client Visual Studio Code 1.60.1.[0m
[0m2021.09.15 11:09:43 INFO  time: initialize in 3.06s[0m
[0m2021.09.15 11:09:43 WARN  Build server is not auto-connectable.[0m
[0m2021.09.15 11:09:47 INFO  running '/Library/Java/JavaVirtualMachines/jdk-10.0.2.jdk/Contents/Home/bin/java -Djline.terminal=jline.UnsupportedTerminal -Dsbt.log.noformat=true -Dfile.encoding=UTF-8 -jar /var/folders/74/x96l61hs30s_1yxv6cw38bq80000gn/T/metals12087140223898734315/sbt-launch.jar -Dbloop.export-jar-classifiers=sources bloopInstall'[0m
[0m2021.09.15 11:09:47 WARN  no build target for: /Users/jimmyrosser/VSCodeProjects/Solitaire/solitaire/project/metals.sbt[0m
[0m2021.09.15 11:09:47 WARN  no build target for: /Users/jimmyrosser/VSCodeProjects/Solitaire/solitaire/project/project/metals.sbt[0m
[0m2021.09.15 11:09:47 INFO  skipping build import with status 'Started'[0m
[0m2021.09.15 11:09:49 INFO  [info] welcome to sbt 1.5.5 (Oracle Corporation Java 10.0.2)[0m
[0m2021.09.15 11:09:52 INFO  [info] loading global plugins from /Users/jimmyrosser/.sbt/1.0/plugins[0m
[0m2021.09.15 11:09:55 INFO  no build target: using presentation compiler with only scala-library: 2.12.14[0m
[0m2021.09.15 11:09:57 INFO  [info] loading settings for project solitaire-build-build from metals.sbt ...[0m
[0m2021.09.15 11:09:57 INFO  [info] loading project definition from /Users/jimmyrosser/VSCodeProjects/Solitaire/solitaire/project/project[0m
[0m2021.09.15 11:10:23 WARN  no build target for: /Users/jimmyrosser/VSCodeProjects/Solitaire/solitaire/src/main/scala/Main.scala[0m
[0m2021.09.15 11:10:26 INFO  time: code lens generation in 1.68s[0m
[0m2021.09.15 11:10:26 INFO  time: code lens generation in 1.69s[0m
[0m2021.09.15 11:10:35 INFO  [info] loading settings for project solitaire-build from metals.sbt ...[0m
[0m2021.09.15 11:10:35 INFO  [info] loading project definition from /Users/jimmyrosser/VSCodeProjects/Solitaire/solitaire/project[0m
[0m2021.09.15 11:10:46 INFO  [success] Generated .bloop/solitaire-build.json[0m
[0m2021.09.15 11:10:46 INFO  [success] Total time: 10 s, completed Sep 15, 2021, 11:10:46 AM[0m
[0m2021.09.15 11:10:47 INFO  [info] loading settings for project root from build.sbt ...[0m
[0m2021.09.15 11:10:47 INFO  [info] set current project to scala3-simple (in build file:/Users/jimmyrosser/VSCodeProjects/Solitaire/solitaire/)[0m
[0m2021.09.15 11:10:52 INFO  [success] Generated .bloop/root-test.json[0m
[0m2021.09.15 11:10:52 INFO  [success] Generated .bloop/root.json[0m
[0m2021.09.15 11:10:52 INFO  [success] Total time: 4 s, completed Sep 15, 2021, 11:10:52 AM[0m
[0m2021.09.15 11:10:52 INFO  time: ran 'sbt bloopInstall' in 1m5s[0m
[0m2021.09.15 11:10:52 INFO  Attempting to connect to the build server...[0m
Starting the bsp launcher for bloop...
Opening a bsp server connection with 'bsp --protocol local --socket /var/folders/74/x96l61hs30s_1yxv6cw38bq80000gn/T/bsp-launcher15881534078659240796/bsp.socket'...
Waiting for the bsp connection to come up...
Waiting for the bsp connection to come up...
Waiting for the bsp connection to come up...
Waiting for the bsp connection to come up...
Waiting for the bsp connection to come up...
Waiting for the bsp connection to come up...
Waiting for the bsp connection to come up...
Waiting for the bsp connection to come up...
Waiting for the bsp connection to come up...
Waiting for the bsp connection to come up...
Waiting for the bsp connection to come up...
Waiting for the bsp connection to come up...
Waiting for the bsp connection to come up...
Waiting for the bsp connection to come up...
Waiting for the bsp connection to come up...
Waiting for the bsp connection to come up...
Waiting for the bsp connection to come up...
Waiting for the bsp connection to come up...
Waiting for the bsp connection to come up...
Waiting for the bsp connection to come up...
Waiting for the bsp connection to come up...
Waiting for the bsp connection to come up...
Waiting for the bsp connection to come up...
Waiting for the bsp connection to come up...
Waiting for the bsp connection to come up...
Waiting for the bsp connection to come up...
Waiting for the bsp connection to come up...
Waiting for the bsp connection to come up...
Waiting for the bsp connection to come up...
Waiting for the bsp connection to come up...
Waiting for the bsp connection to come up...
error: Giving up on waiting for a connection, printing embedded bloop logs:
> No server running at 127.0.0.1:8212, let's fire one...
> Resolving ch.epfl.scala:bloop-frontend_2.12:1.4.8-114-e47368ed...
error: Trying a tcp-based connection to the server instead...
Opening a bsp server connection with 'bsp --protocol tcp --port 40497'...
Waiting for the bsp connection to come up...
Waiting for the bsp connection to come up...
Waiting for the bsp connection to come up...
Waiting for the bsp connection to come up...
Waiting for the bsp connection to come up...
Waiting for the bsp connection to come up...
Waiting for the bsp connection to come up...
Waiting for the bsp connection to come up...
Waiting for the bsp connection to come up...
Waiting for the bsp connection to come up...
Waiting for the bsp connection to come up...
Waiting for the bsp connection to come up...
Waiting for the bsp connection to come up...
Waiting for the bsp connection to come up...
Waiting for the bsp connection to come up...
Waiting for the bsp connection to come up...
Waiting for the bsp connection to come up...
Waiting for the bsp connection to come up...
Waiting for the bsp connection to come up...
Waiting for the bsp connection to come up...
No server running at 127.0.0.1:8212, let's fire one...
Resolving ch.epfl.scala:bloop-frontend_2.12:1.4.8-114-e47368ed...
Starting bloop server at 127.0.0.1:8212...
Attempting a connection to the server...
[0m[32m[D][0m Waiting for a connection at 127.0.0.1:40497...
The server is listening for incoming connections at tcp://127.0.0.1:40497...
Starting thread that pumps stdin and redirects it to the bsp server...
Starting thread that pumps server stdout and redirects it to the client stdout...
[0m2021.09.15 11:11:49 INFO  tracing is disabled for protocol BSP, to enable tracing of incoming and outgoing JSON messages create an empty file at /Users/jimmyrosser/Library/Caches/org.scalameta.metals/bsp.trace.json[0m
[0m2021.09.15 11:11:49 INFO  Attempting to connect to the build server...[0m
Starting the bsp launcher for bloop...
Opening a bsp server connection with 'bsp --protocol local --socket /var/folders/74/x96l61hs30s_1yxv6cw38bq80000gn/T/bsp-launcher18446349577373836515/bsp.socket'...
Waiting for the bsp connection to come up...
[0m[32m[D][0m Loading workspace settings from bloop.settings.json
[0m[32m[D][0m Waiting for a connection at local:///var/folders/74/x96l61hs30s_1yxv6cw38bq80000gn/T/bsp-launcher18446349577373836515/bsp.socket...
The server is listening for incoming connections at local:///var/folders/74/x96l61hs30s_1yxv6cw38bq80000gn/T/bsp-launcher18446349577373836515/bsp.socket...
Starting thread that pumps stdin and redirects it to the bsp server...
Starting thread that pumps server stdout and redirects it to the client stdout...
[0m2021.09.15 11:11:49 INFO  tracing is disabled for protocol BSP, to enable tracing of incoming and outgoing JSON messages create an empty file at /Users/jimmyrosser/Library/Caches/org.scalameta.metals/bsp.trace.json[0m
[0m2021.09.15 11:12:03 INFO  time: Connected to build server in 1m10s[0m
[0m2021.09.15 11:12:03 INFO  Connected to Build server: Bloop v1.4.8-114-e47368ed[0m
[0m2021.09.15 11:12:03 INFO  time: Imported build in 0.12s[0m
[0m2021.09.15 11:12:09 INFO  time: indexed workspace in 6.65s[0m
[0m2021.09.15 11:12:12 INFO  no build target: using presentation compiler with only scala-library: 3.0.2[0m
[0m2021.09.15 11:12:23 INFO  compiling root (5 scala sources)[0m
[0m2021.09.15 11:12:31 INFO  compiling root-test (1 scala source)[0m
[0m2021.09.15 11:12:31 INFO  time: compiled root in 8.86s[0m
[0m2021.09.15 11:12:31 INFO  time: compiled root-test in 0.83s[0m
[0m2021.09.15 11:13:19 INFO  compiling root (1 scala source)[0m
[0m2021.09.15 11:13:21 INFO  time: compiled root in 1.69s[0m
[0m2021.09.15 11:14:23 INFO  compiling root (1 scala source)[0m
[0m2021.09.15 11:14:25 INFO  time: compiled root in 2.14s[0m
[0m2021.09.15 11:14:37 INFO  compiling root (1 scala source)[0m
[0m2021.09.15 11:14:37 INFO  Deduplicating compilation of root from bsp client 'Metals 0.10.6' (since 2m 48.296s)[0m
[0m2021.09.15 11:14:37 INFO  compiling root (1 scala source)[0m
[0m2021.09.15 11:14:39 INFO  compiling root-test (1 scala source)[0m
[0m2021.09.15 11:14:39 INFO  time: compiled root in 1.75s[0m
[0m2021.09.15 11:14:39 INFO  time: compiled root-test in 0.19s[0m
[0m2021.09.15 11:14:59 INFO  compiling root (1 scala source)[0m
[0m2021.09.15 11:15:00 INFO  time: compiled root in 1.17s[0m
[0m2021.09.15 11:15:05 INFO  compiling root (1 scala source)[0m
[0m2021.09.15 11:15:07 INFO  time: compiled root in 1.35s[0m
[0m2021.09.15 11:15:20 INFO  compiling root (1 scala source)[0m
[0m2021.09.15 11:15:22 INFO  time: compiled root in 1.69s[0m
[0m2021.09.15 11:15:22 INFO  compiling root (1 scala source)[0m
[0m2021.09.15 11:15:24 INFO  time: compiled root in 1.58s[0m
[0m2021.09.15 11:15:45 INFO  compiling root (1 scala source)[0m
[0m2021.09.15 11:15:46 INFO  time: compiled root in 1.05s[0m
[0m2021.09.15 11:16:15 INFO  compiling root (1 scala source)[0m
[0m2021.09.15 11:16:15 INFO  time: compiled root in 0.71s[0m
[0m2021.09.15 11:16:18 INFO  compiling root (1 scala source)[0m
[0m2021.09.15 11:16:18 INFO  time: compiled root in 0.64s[0m
[0m2021.09.15 11:16:20 INFO  compiling root (1 scala source)[0m
[0m2021.09.15 11:16:20 INFO  time: compiled root in 0.54s[0m
[0m2021.09.15 11:16:23 INFO  compiling root (1 scala source)[0m
[0m2021.09.15 11:16:23 INFO  time: compiled root in 0.24s[0m
[0m2021.09.15 11:16:29 INFO  compiling root (1 scala source)[0m
[0m2021.09.15 11:16:29 INFO  time: compiled root in 0.27s[0m
[0m2021.09.15 11:16:32 INFO  compiling root (1 scala source)[0m
[0m2021.09.15 11:16:32 INFO  time: compiled root in 0.51s[0m
Sep 15, 2021 11:17:06 AM org.eclipse.lsp4j.jsonrpc.RemoteEndpoint handleCancellation
WARNING: Unmatched cancel notification for request id 317
[0m2021.09.15 11:17:07 INFO  compiling root (1 scala source)[0m
[0m2021.09.15 11:17:07 INFO  time: compiled root in 0.29s[0m
[0m2021.09.15 11:17:08 INFO  compiling root (1 scala source)[0m
[0m2021.09.15 11:17:08 INFO  time: compiled root in 0.3s[0m
[0m2021.09.15 11:17:14 INFO  compiling root (1 scala source)[0m
[0m2021.09.15 11:17:14 INFO  time: compiled root in 0.6s[0m
[0m2021.09.15 11:17:18 INFO  compiling root (1 scala source)[0m
[0m2021.09.15 11:17:18 INFO  time: compiled root in 0.64s[0m
[0m2021.09.15 11:17:24 INFO  compiling root (1 scala source)[0m
[0m2021.09.15 11:17:25 INFO  time: compiled root in 1.18s[0m
[0m2021.09.15 11:17:29 INFO  compiling root (1 scala source)[0m
[0m2021.09.15 11:17:29 INFO  time: compiled root in 0.27s[0m
[0m2021.09.15 11:17:34 INFO  compiling root (1 scala source)[0m
[0m2021.09.15 11:17:34 INFO  time: compiled root in 0.32s[0m
[0m2021.09.15 11:17:37 INFO  compiling root (1 scala source)[0m
[0m2021.09.15 11:17:37 INFO  time: compiled root in 0.56s[0m
[0m2021.09.15 11:17:40 INFO  compiling root (1 scala source)[0m
[0m2021.09.15 11:17:40 INFO  time: compiled root in 0.39s[0m
[0m2021.09.15 11:17:52 INFO  compiling root (1 scala source)[0m
[0m2021.09.15 11:17:52 INFO  time: compiled root in 0.23s[0m
[0m2021.09.15 11:17:58 INFO  compiling root (1 scala source)[0m
[0m2021.09.15 11:17:58 INFO  time: compiled root in 0.41s[0m
[0m2021.09.15 11:18:01 INFO  compiling root (1 scala source)[0m
[0m2021.09.15 11:18:01 INFO  time: compiled root in 0.46s[0m
[0m2021.09.15 11:18:12 INFO  compiling root (1 scala source)[0m
[0m2021.09.15 11:18:12 INFO  time: compiled root in 0.22s[0m
[0m2021.09.15 11:18:16 INFO  compiling root (1 scala source)[0m
[0m2021.09.15 11:18:16 INFO  time: compiled root in 0.57s[0m
[0m2021.09.15 11:18:18 INFO  compiling root (1 scala source)[0m
[0m2021.09.15 11:18:18 INFO  time: compiled root in 0.23s[0m
[0m2021.09.15 11:19:15 INFO  compiling root (1 scala source)[0m
[0m2021.09.15 11:19:15 INFO  time: compiled root in 0.24s[0m
Sep 15, 2021 11:19:17 AM org.eclipse.lsp4j.jsonrpc.RemoteEndpoint handleCancellation
WARNING: Unmatched cancel notification for request id 618
[0m2021.09.15 11:19:19 INFO  compiling root (1 scala source)[0m
[0m2021.09.15 11:19:19 INFO  time: compiled root in 0.23s[0m
[0m2021.09.15 11:19:20 INFO  compiling root (1 scala source)[0m
[0m2021.09.15 11:19:20 INFO  time: compiled root in 0.19s[0m
[0m2021.09.15 11:19:23 INFO  compiling root (1 scala source)[0m
[0m2021.09.15 11:19:23 INFO  time: compiled root in 0.45s[0m
[0m2021.09.15 11:19:32 INFO  compiling root (1 scala source)[0m
[0m2021.09.15 11:19:32 INFO  time: compiled root in 0.57s[0m
[0m2021.09.15 11:19:36 INFO  compiling root (1 scala source)[0m
[0m2021.09.15 11:19:36 INFO  time: compiled root in 0.27s[0m
[0m2021.09.15 11:19:40 INFO  compiling root (1 scala source)[0m
[0m2021.09.15 11:19:40 INFO  time: compiled root in 0.27s[0m
[0m2021.09.15 11:19:43 INFO  compiling root (1 scala source)[0m
[0m2021.09.15 11:19:43 INFO  time: compiled root in 0.21s[0m
[0m2021.09.15 11:20:21 INFO  compiling root (1 scala source)[0m
[0m2021.09.15 11:20:21 INFO  time: compiled root in 0.2s[0m
